masahidef@MacBook-Air cpp % cd "/Users/masahidef/Documents/cpp/" && g++ HashSearch.cpp -o HashSearch && "/Users/masahidef/Documents/cpp/"HashSearch
n = 10
table_size = 3
-- input: 807 --
[0]: -> 807
[1]:
[2]:
-- input: 249 --
[0]: -> 807 -> 249
[1]:
[2]:
-- input: 73 --
[0]: -> 807 -> 249
[1]: -> 73
[2]:
-- input: 658 --
[0]: -> 807 -> 249
[1]: -> 73 -> 658
[2]:
-- input: 930 --
[0]: -> 807 -> 249 -> 930
[1]: -> 73 -> 658
[2]:
-- input: 272 --
[0]: -> 807 -> 249 -> 930
[1]: -> 73 -> 658
[2]: -> 272
-- input: 544 --
[0]: -> 807 -> 249 -> 930
[1]: -> 73 -> 658 -> 544
[2]: -> 272
-- input: 878 --
[0]: -> 807 -> 249 -> 930
[1]: -> 73 -> 658 -> 544
[2]: -> 272 -> 878
-- input: 923 --
[0]: -> 807 -> 249 -> 930
[1]: -> 73 -> 658 -> 544
[2]: -> 272 -> 878 -> 923
-- input: 709 --
[0]: -> 807 -> 249 -> 930
[1]: -> 73 -> 658 -> 544 -> 709
[2]: -> 272 -> 878 -> 923
value? : 658
key = 1 index = 1
masahidef@MacBook-Air cpp % cd "/Users/masahidef/Documents/cpp/" && g++ HashSearch.cpp -o HashSearch && "/Users/masahidef/Documents/cpp/"HashSearch
n = 10
table_size = 3
-- input: 807 --
[0]: -> 807
[1]:
[2]:
-- input: 249 --
[0]: -> 807 -> 249
[1]:
[2]:
-- input: 73 --
[0]: -> 807 -> 249
[1]: -> 73
[2]:
-- input: 658 --
[0]: -> 807 -> 249
[1]: -> 73 -> 658
[2]:
-- input: 930 --
[0]: -> 807 -> 249 -> 930
[1]: -> 73 -> 658
[2]:
-- input: 272 --
[0]: -> 807 -> 249 -> 930
[1]: -> 73 -> 658
[2]: -> 272
-- input: 544 --
[0]: -> 807 -> 249 -> 930
[1]: -> 73 -> 658 -> 544
[2]: -> 272
-- input: 878 --
[0]: -> 807 -> 249 -> 930
[1]: -> 73 -> 658 -> 544
[2]: -> 272 -> 878
-- input: 923 --
[0]: -> 807 -> 249 -> 930
[1]: -> 73 -> 658 -> 544
[2]: -> 272 -> 878 -> 923
-- input: 709 --
[0]: -> 807 -> 249 -> 930
[1]: -> 73 -> 658 -> 544 -> 709
[2]: -> 272 -> 878 -> 923
value? : 22
value not found